<?xml version="1.0" encoding="UTF-8"?>
<!-- Generated by org.testng.reporters.JUnitXMLReporter -->
<testsuite ignored="6" hostname="LAPTOP-69ETN3AV" failures="0" tests="10" name="DSALGOProject" time="57.382" errors="0" timestamp="2023-05-24T10:15:15 EDT">
  <testcase classname="Pageobjects.ValidloginLogoutpage" name="TestLogin" time="9.02"/>
  <testcase classname="Pageobjects.ValidloginLogoutpage" name="TestLogin" time="9.328"/>
  <testcase classname="Pageobjects.ValidloginLogoutpage" name="TestLogin" time="9.17"/>
  <testcase classname="Pageobjects.Arrays" name="RunArray" time="9.386"/>
  <testcase classname="Pageobjects.LinkedListPage" name="RunLinkedlist" time="3.31"/>
  <testcase classname="Pageobjects.Stack" name="RunStack" time="3.066"/>
  <testcase classname="Pageobjects.Queue" name="RunQueue" time="3.62"/>
  <testcase classname="Pageobjects.TreePage" name="RunTree" time="5.119"/>
  <testcase classname="Pageobjects.Graphpage" name="RunGraph" time="2.552"/>
  <testcase classname="Pageobjects.Datastructures" name="rundatastructures" time="1.638"/>
  <testcase classname="Pageobjects.basepage" name="@BeforeSuite initialize" time="0.0">
    <ignored/>
  </testcase> <!-- @BeforeSuite initialize -->
  <testcase classname="Pageobjects.basepage" name="@BeforeSuite initialize" time="0.0">
    <ignored/>
  </testcase> <!-- @BeforeSuite initialize -->
  <testcase classname="Pageobjects.basepage" name="@BeforeSuite initialize" time="0.0">
    <ignored/>
  </testcase> <!-- @BeforeSuite initialize -->
  <testcase classname="Pageobjects.basepage" name="@BeforeSuite initialize" time="0.0">
    <ignored/>
  </testcase> <!-- @BeforeSuite initialize -->
  <testcase classname="Pageobjects.basepage" name="@BeforeSuite initialize" time="0.0">
    <ignored/>
  </testcase> <!-- @BeforeSuite initialize -->
  <testcase classname="Pageobjects.basepage" name="@BeforeSuite initialize" time="0.0">
    <ignored/>
  </testcase> <!-- @BeforeSuite initialize -->
</testsuite> <!-- DSALGOProject -->
